<?xml version="1.0" encoding="UTF-8"?>
<!-- Generated by org.testng.reporters.JUnitXMLReporter -->
<testsuite hostname="pc-edward" name="Test" tests="4" failures="0" timestamp="17 Jun 2015 01:30:54 GMT" time="0.062" errors="0">
  <testcase name="TestNgLearn" time="0.007" classname="TankLearn2.Learn.TestNGLearn1"/>
  <testcase name="testLogin" time="0.005" classname="TankLearn2.Learn.GroupTest"/>
  <testcase name="testOpenPage" time="0.002" classname="TankLearn2.Learn.GroupTest"/>
  <testcase name="testException" time="0.0" classname="TankLearn2.Learn.ExceptionTest"/>
</testsuite> <!-- Test -->
