<?xml version="1.0" encoding="UTF-8"?>
<testng-results skipped="0" failed="0" total="2" passed="2">
  <reporter-output>
  </reporter-output>
  <suite name="Suite1" duration-ms="82" started-at="2015-06-17T01:32:01Z" finished-at="2015-06-17T01:32:01Z">
    <groups>
    </groups>
    <test name="test1" duration-ms="9" started-at="2015-06-17T01:32:01Z" finished-at="2015-06-17T01:32:01Z">
    </test> <!-- test1 -->
    <test name="test12" duration-ms="28" started-at="2015-06-17T01:32:01Z" finished-at="2015-06-17T01:32:01Z">
      <class name="TankLearn2.Learn.TestNGLearn1">
        <test-method status="PASS" signature="beforeClass()[pri:0, instance:TankLearn2.Learn.TestNGLearn1@591f989e]" name="beforeClass" is-config="true" duration-ms="12" started-at="2015-06-17T09:32:01Z" finished-at="2015-06-17T09:32:01Z">
          <reporter-output>
          </reporter-output>
        </test-method> <!-- beforeClass -->
        <test-method status="PASS" signature="TestNgLearn()[pri:0, instance:TankLearn2.Learn.TestNGLearn1@591f989e]" name="TestNgLearn" duration-ms="6" started-at="2015-06-17T09:32:01Z" finished-at="2015-06-17T09:32:01Z">
          <reporter-output>
          </reporter-output>
        </test-method> <!-- TestNgLearn -->
        <test-method status="PASS" signature="afterClass()[pri:0, instance:TankLearn2.Learn.TestNGLearn1@591f989e]" name="afterClass" is-config="true" duration-ms="1" started-at="2015-06-17T09:32:01Z" finished-at="2015-06-17T09:32:01Z">
          <reporter-output>
          </reporter-output>
        </test-method> <!-- afterClass -->
      </class> <!-- TankLearn2.Learn.TestNGLearn1 -->
    </test> <!-- test12 -->
    <test name="test13" duration-ms="5" started-at="2015-06-17T01:32:01Z" finished-at="2015-06-17T01:32:01Z">
      <class name="TankLearn2.Learn.ParameterizedTest1">
        <test-method status="PASS" signature="ParaTest(java.lang.String)[pri:0, instance:TankLearn2.Learn.ParameterizedTest1@7907ec20]" name="ParaTest" duration-ms="2" started-at="2015-06-17T09:32:01Z" finished-at="2015-06-17T09:32:01Z">
          <params>
            <param index="0">
              <value>
                <![CDATA[Tank]]>
              </value>
            </param>
          </params>
          <reporter-output>
          </reporter-output>
        </test-method> <!-- ParaTest -->
      </class> <!-- TankLearn2.Learn.ParameterizedTest1 -->
    </test> <!-- test13 -->
  </suite> <!-- Suite1 -->
</testng-results>
